<?xml version="1.0" encoding="UTF-8"?>
<!-- Generated by org.testng.reporters.JUnitReportReporter -->
<testsuite hostname="DESKTOP-FKRNN9J" failures="0" tests="10" name="Jan28DDTviaExcel.Sampletestanother" time="0.140" errors="0" timestamp="2023-02-07T13:29:12 IST" skipped="0">
  <testcase classname="Jan28DDTviaExcel.Sampletestanother" name="sample" time="0.007"/>
  <system-out/>
  <testcase classname="Jan28DDTviaExcel.Sampletestanother" name="sample" time="0.014"/>
  <system-out/>
  <testcase classname="Jan28DDTviaExcel.Sampletestanother" name="sample" time="0.020"/>
  <system-out/>
  <testcase classname="Jan28DDTviaExcel.Sampletestanother" name="sample" time="0.011"/>
  <system-out/>
  <testcase classname="Jan28DDTviaExcel.Sampletestanother" name="sample" time="0.005"/>
  <system-out/>
  <testcase classname="Jan28DDTviaExcel.Sampletestanother" name="sample" time="0.029"/>
  <system-out/>
  <testcase classname="Jan28DDTviaExcel.Sampletestanother" name="sample" time="0.023"/>
  <system-out/>
  <testcase classname="Jan28DDTviaExcel.Sampletestanother" name="sample" time="0.018"/>
  <system-out/>
  <testcase classname="Jan28DDTviaExcel.Sampletestanother" name="sample" time="0.009"/>
  <system-out/>
  <testcase classname="Jan28DDTviaExcel.Sampletestanother" name="sample" time="0.004"/>
  <system-out/>
</testsuite> <!-- Jan28DDTviaExcel.Sampletestanother -->
