<?xml version="1.0" encoding="UTF-8"?>
<!-- Generated by org.testng.reporters.JUnitReportReporter -->
<testsuite hostname="DESKTOP-FKRNN9J" failures="0" tests="10" name="Jan28DDTviaExcel.SampletestDDT2" time="0.121" errors="0" timestamp="2023-02-07T14:08:28 IST" skipped="0">
  <testcase classname="Jan28DDTviaExcel.SampletestDDT2" name="sample" time="0.029"/>
  <system-out/>
  <testcase classname="Jan28DDTviaExcel.SampletestDDT2" name="sample" time="0.009"/>
  <system-out/>
  <testcase classname="Jan28DDTviaExcel.SampletestDDT2" name="sample" time="0.008"/>
  <system-out/>
  <testcase classname="Jan28DDTviaExcel.SampletestDDT2" name="sample" time="0.012"/>
  <system-out/>
  <testcase classname="Jan28DDTviaExcel.SampletestDDT2" name="sample" time="0.013"/>
  <system-out/>
  <testcase classname="Jan28DDTviaExcel.SampletestDDT2" name="sample" time="0.007"/>
  <system-out/>
  <testcase classname="Jan28DDTviaExcel.SampletestDDT2" name="sample" time="0.006"/>
  <system-out/>
  <testcase classname="Jan28DDTviaExcel.SampletestDDT2" name="sample" time="0.018"/>
  <system-out/>
  <testcase classname="Jan28DDTviaExcel.SampletestDDT2" name="sample" time="0.002"/>
  <system-out/>
  <testcase classname="Jan28DDTviaExcel.SampletestDDT2" name="sample" time="0.017"/>
  <system-out/>
</testsuite> <!-- Jan28DDTviaExcel.SampletestDDT2 -->
