<?xml version="1.0" encoding="UTF-8"?>
<!-- Generated by org.testng.reporters.JUnitReportReporter -->
<testsuite hostname="OMNAMONARAYANA" failures="0" tests="1" name="Jan22ndScripts.readexcel2" time="7.878" errors="0" timestamp="2023-02-03T22:02:08 IST" skipped="0">
  <testcase classname="Jan22ndScripts.readexcel2" name="readexcel" time="7.878"/>
  <system-out/>
</testsuite> <!-- Jan22ndScripts.readexcel2 -->
