<?xml version="1.0" encoding="UTF-8"?>
<!-- Generated by org.testng.reporters.JUnitReportReporter -->
<testsuite hostname="DESKTOP-FKRNN9J" failures="0" tests="10" name="Jan28DDTviaExcel.Sampletestcorrect" time="0.322" errors="0" timestamp="2023-02-07T13:40:21 IST" skipped="0">
  <testcase classname="Jan28DDTviaExcel.Sampletestcorrect" name="sample" time="0.026"/>
  <system-out/>
  <testcase classname="Jan28DDTviaExcel.Sampletestcorrect" name="sample" time="0.009"/>
  <system-out/>
  <testcase classname="Jan28DDTviaExcel.Sampletestcorrect" name="sample" time="0.008"/>
  <system-out/>
  <testcase classname="Jan28DDTviaExcel.Sampletestcorrect" name="sample" time="0.005"/>
  <system-out/>
  <testcase classname="Jan28DDTviaExcel.Sampletestcorrect" name="sample" time="0.089"/>
  <system-out/>
  <testcase classname="Jan28DDTviaExcel.Sampletestcorrect" name="sample" time="0.093"/>
  <system-out/>
  <testcase classname="Jan28DDTviaExcel.Sampletestcorrect" name="sample" time="0.016"/>
  <system-out/>
  <testcase classname="Jan28DDTviaExcel.Sampletestcorrect" name="sample" time="0.006"/>
  <system-out/>
  <testcase classname="Jan28DDTviaExcel.Sampletestcorrect" name="sample" time="0.059"/>
  <system-out/>
  <testcase classname="Jan28DDTviaExcel.Sampletestcorrect" name="sample" time="0.011"/>
  <system-out/>
</testsuite> <!-- Jan28DDTviaExcel.Sampletestcorrect -->
