<?xml version="1.0" encoding="UTF-8"?>
<!-- Generated by org.testng.reporters.JUnitReportReporter -->
<testsuite hostname="OMNAMONARAYANA" failures="0" tests="1" name="Assigment12th.question2" time="93.584" errors="0" timestamp="2023-01-30T08:46:18 IST" skipped="0">
  <testcase classname="Assigment12th.question2" name="login" time="93.584"/>
  <system-out/>
</testsuite> <!-- Assigment12th.question2 -->
