<?xml version="1.0" encoding="UTF-8"?>
<!-- Generated by org.testng.reporters.JUnitReportReporter -->
<testsuite hostname="DESKTOP-FKRNN9J" failures="0" tests="1" name="Jan_29ExtentReports.Logintestusingpom" time="2.846" errors="0" timestamp="2023-02-09T16:53:15 IST" skipped="0">
  <testcase classname="Jan_29ExtentReports.Logintestusingpom" name="login" time="2.846"/>
  <system-out/>
</testsuite> <!-- Jan_29ExtentReports.Logintestusingpom -->
