<?xml version="1.0" encoding="UTF-8"?>
<!-- Generated by org.testng.reporters.JUnitReportReporter -->
<testsuite hostname="DESKTOP-FKRNN9J" failures="0" tests="1" name="Jan28DDTviaExcel.ReadingConfiguration" time="0.040" errors="0" timestamp="2023-02-07T14:42:16 IST" skipped="0">
  <testcase classname="Jan28DDTviaExcel.ReadingConfiguration" name="readConfig" time="0.040"/>
  <system-out/>
</testsuite> <!-- Jan28DDTviaExcel.ReadingConfiguration -->
