<?xml version="1.0" encoding="UTF-8"?>
<!-- Generated by org.testng.reporters.JUnitReportReporter -->
<testsuite hostname="DESKTOP-FKRNN9J" failures="0" tests="1" name="Jan_29ExtentReports.Extentreports1" time="3.074" errors="0" timestamp="2023-02-09T08:32:32 IST" skipped="0">
  <testcase classname="Jan_29ExtentReports.Extentreports1" name="generateReport" time="3.074"/>
  <system-out/>
</testsuite> <!-- Jan_29ExtentReports.Extentreports1 -->
