<?xml version="1.0" encoding="UTF-8"?>
<!-- Generated by org.testng.reporters.JUnitReportReporter -->
<testsuite hostname="OMNAMONARAYANA" failures="0" tests="3" name="Jan21class.DDTtest" time="0.185" errors="0" timestamp="2023-02-03T06:32:09 IST" skipped="0">
  <testcase classname="Jan21class.DDTtest" name="test1" time="0.137"/>
  <system-out>
    <![CDATA[Rishi1
Ravi1]]>
  </system-out>
  <testcase classname="Jan21class.DDTtest" name="test1" time="0.035"/>
  <system-out>
    <![CDATA[Rishi3
Ravi3]]>
  </system-out>
  <testcase classname="Jan21class.DDTtest" name="test1" time="0.013"/>
  <system-out>
    <![CDATA[Rishi2
Ravi2]]>
  </system-out>
</testsuite> <!-- Jan21class.DDTtest -->
