<?xml version="1.0" encoding="UTF-8"?>
<!-- Generated by org.testng.reporters.JUnitReportReporter -->
<testsuite hostname="OMNAMONARAYANA" failures="0" tests="1" name="Jan22ndScripts.readexcel" time="9.962" errors="0" timestamp="2023-02-03T19:26:01 IST" skipped="0">
  <testcase classname="Jan22ndScripts.readexcel" name="readexcel" time="9.962"/>
  <system-out/>
</testsuite> <!-- Jan22ndScripts.readexcel -->
