<?xml version="1.0" encoding="UTF-8"?>
<!-- Generated by org.testng.reporters.JUnitReportReporter -->
<testsuite hostname="DESKTOP-FKRNN9J" failures="0" tests="3" name="Jan28DDTviaExcel.SampletestDDT" time="0.063" errors="0" timestamp="2023-02-07T12:52:04 IST" skipped="0">
  <testcase classname="Jan28DDTviaExcel.SampletestDDT" name="sample" time="0.010"/>
  <system-out/>
  <testcase classname="Jan28DDTviaExcel.SampletestDDT" name="sample" time="0.037"/>
  <system-out/>
  <testcase classname="Jan28DDTviaExcel.SampletestDDT" name="sample" time="0.016"/>
  <system-out/>
</testsuite> <!-- Jan28DDTviaExcel.SampletestDDT -->
