<?xml version="1.0" encoding="UTF-8"?>
<!-- Generated by org.testng.reporters.JUnitReportReporter -->
<testsuite hostname="DESKTOP-FKRNN9J" failures="0" tests="1" name="Jan28DDTviaExcel.Seleniumupdate" time="10.351" errors="0" timestamp="2023-02-07T16:56:35 IST" skipped="0">
  <testcase classname="Jan28DDTviaExcel.Seleniumupdate" name="test33" time="10.351"/>
  <system-out/>
</testsuite> <!-- Jan28DDTviaExcel.Seleniumupdate -->
