<?xml version="1.0" encoding="UTF-8"?>
<!-- Generated by org.testng.reporters.JUnitReportReporter -->
<testsuite hostname="DESKTOP-FKRNN9J" failures="0" tests="1" name="Jan28DDTviaExcel.ReadingConfiguration3" time="0.037" errors="0" timestamp="2023-02-07T16:46:06 IST" skipped="0">
  <testcase classname="Jan28DDTviaExcel.ReadingConfiguration3" name="test" time="0.037"/>
  <system-out/>
</testsuite> <!-- Jan28DDTviaExcel.ReadingConfiguration3 -->
